#
# There is insufficient memory for the Java Runtime Environment to continue.
# Native memory allocation (malloc) failed to allocate 1048576 bytes for AllocateHeap
# Possible reasons:
#   The system is out of physical RAM or swap space
#   In 32 bit mode, the process size limit was hit
# Possible solutions:
#   Reduce memory load on the system
#   Increase physical memory or swap space
#   Check if swap backing store is full
#   Use 64 bit Java on a 64 bit OS
#   Decrease Java heap size (-Xmx/-Xms)
#   Decrease number of Java threads
#   Decrease Java thread stack sizes (-Xss)
#   Set larger code cache with -XX:ReservedCodeCacheSize=
# This output file may be truncated or incomplete.
#
#  Out of Memory Error (memory/allocation.inline.hpp:61), pid=15312, tid=0x0000000000003ff8
#
# JRE version:  (8.0_102-b14) (build )
# Java VM: Java HotSpot(TM) 64-Bit Server VM (25.102-b14 mixed mode windows-amd64 compressed oops)
# Failed to write core dump. Minidumps are not enabled by default on client versions of Windows
#

---------------  T H R E A D  ---------------

Current thread (0x0000000002990800):  JavaThread "Unknown thread" [_thread_in_vm, id=16376, stack(0x0000000002890000,0x0000000002990000)]

Stack: [0x0000000002890000,0x0000000002990000]
[error occurred during error reporting (printing stack bounds), id 0xc0000005]

Native frames: (J=compiled Java code, j=interpreted, Vv=VM code, C=native code)


---------------  P R O C E S S  ---------------

Java Threads: ( => current thread )

Other Threads:

=>0x0000000002990800 (exited) JavaThread "Unknown thread" [_thread_in_vm, id=16376, stack(0x0000000002890000,0x0000000002990000)]

VM state:not at safepoint (normal execution)

VM Mutex/Monitor currently owned by a thread: None

Heap:
 PSYoungGen      total 37888K, used 655K [0x00000000d6100000, 0x00000000d8b00000, 0x0000000100000000)
  eden space 32768K, 2% used [0x00000000d6100000,0x00000000d61a3d80,0x00000000d8100000)
  from space 5120K, 0% used [0x00000000d8600000,0x00000000d8600000,0x00000000d8b00000)
  to   space 5120K, 0% used [0x00000000d8100000,0x00000000d8100000,0x00000000d8600000)
 ParOldGen       total 86016K, used 0K [0x0000000082200000, 0x0000000087600000, 0x00000000d6100000)
  object space 86016K, 0% used [0x0000000082200000,0x0000000082200000,0x0000000087600000)
 Metaspace       used 746K, capacity 4480K, committed 4480K, reserved 1056768K
  class space    used 75K, capacity 384K, committed 384K, reserved 1048576K

Card table byte_map: [0x0000000011e50000,0x0000000012240000] byte_map_base: 0x0000000011a3f000

Marking Bits: (ParMarkBitMap*) 0x000000005b6ca6c0
 Begin Bits: [0x00000000128e0000, 0x0000000014858000)
 End Bits:   [0x0000000014858000, 0x00000000167d0000)

Polling page: 0x00000000027c0000

CodeCache: size=245760Kb used=328Kb max_used=328Kb free=245431Kb
 bounds [0x0000000002a90000, 0x0000000002d00000, 0x0000000011a90000]
 total_blobs=58 nmethods=0 adapters=38
 compilation: enabled

Compilation events (0 events):
No events

GC Heap History (0 events):
No events

Deoptimization events (0 events):
No events

Internal exceptions (0 events):
No events

Events (10 events):
Event: 0.024 loading class java/lang/Short
Event: 0.024 loading class java/lang/Short done
Event: 0.024 loading class java/lang/Integer
Event: 0.024 loading class java/lang/Integer done
Event: 0.024 loading class java/lang/Long
Event: 0.024 loading class java/lang/Long done
Event: 0.025 loading class java/lang/NullPointerException
Event: 0.025 loading class java/lang/NullPointerException done
Event: 0.025 loading class java/lang/ArithmeticException
Event: 0.025 loading class java/lang/ArithmeticException done


Dynamic libraries:
0x00007ff711ff0000 - 0x00007ff712027000 	C:\Program Files\Java\jre1.8.0_102\bin\javaw.exe
0x00007ffbd7d10000 - 0x00007ffbd7ee1000 	C:\WINDOWS\SYSTEM32\ntdll.dll
0x00007ffbd5ce0000 - 0x00007ffbd5d8b000 	C:\WINDOWS\System32\KERNEL32.DLL
0x00007ffbd4c50000 - 0x00007ffbd4e6d000 	C:\WINDOWS\System32\KERNELBASE.dll
0x00007ffbd5900000 - 0x00007ffbd59a2000 	C:\WINDOWS\System32\ADVAPI32.dll
0x00007ffbd56c0000 - 0x00007ffbd575e000 	C:\WINDOWS\System32\msvcrt.dll
0x00007ffbd5f30000 - 0x00007ffbd5f89000 	C:\WINDOWS\System32\sechost.dll
0x00007ffbd52b0000 - 0x00007ffbd53d1000 	C:\WINDOWS\System32\RPCRT4.dll
0x00007ffbd5f90000 - 0x00007ffbd60f5000 	C:\WINDOWS\System32\USER32.dll
0x00007ffbd4350000 - 0x00007ffbd436e000 	C:\WINDOWS\System32\win32u.dll
0x00007ffbd5a70000 - 0x00007ffbd5aa4000 	C:\WINDOWS\System32\GDI32.dll
0x00007ffbd5110000 - 0x00007ffbd5292000 	C:\WINDOWS\System32\gdi32full.dll
0x00007ffbc4b70000 - 0x00007ffbc4de9000 	C:\WINDOWS\WinSxS\amd64_microsoft.windows.common-controls_6595b64144ccf1df_6.0.14393.0_none_2d0f50fcbdb171b8\COMCTL32.dll
0x00007ffbd7610000 - 0x00007ffbd78d7000 	C:\WINDOWS\System32\combase.dll
0x00007ffbd4370000 - 0x00007ffbd4465000 	C:\WINDOWS\System32\ucrtbase.dll
0x00007ffbd50a0000 - 0x00007ffbd510a000 	C:\WINDOWS\System32\bcryptPrimitives.dll
0x00007ffbd5690000 - 0x00007ffbd56be000 	C:\WINDOWS\System32\IMM32.DLL
0x000000005acf0000 - 0x000000005adc1000 	C:\Program Files\Java\jre1.8.0_102\bin\msvcr100.dll
0x000000005aeb0000 - 0x000000005b74a000 	C:\Program Files\Java\jre1.8.0_102\bin\server\jvm.dll
0x00007ffbd52a0000 - 0x00007ffbd52a8000 	C:\WINDOWS\System32\PSAPI.DLL
0x00007ffbcdad0000 - 0x00007ffbcdaf3000 	C:\WINDOWS\SYSTEM32\WINMM.dll
0x00007ffbc6790000 - 0x00007ffbc679a000 	C:\WINDOWS\SYSTEM32\VERSION.dll
0x00007ffbc6800000 - 0x00007ffbc6809000 	C:\WINDOWS\SYSTEM32\WSOCK32.dll
0x00007ffbcd960000 - 0x00007ffbcd98b000 	C:\WINDOWS\SYSTEM32\WINMMBASE.dll
0x00007ffbd5c70000 - 0x00007ffbd5cda000 	C:\WINDOWS\System32\WS2_32.dll
0x00007ffbd4b50000 - 0x00007ffbd4b92000 	C:\WINDOWS\System32\cfgmgr32.dll
0x000000005aea0000 - 0x000000005aeaf000 	C:\Program Files\Java\jre1.8.0_102\bin\verify.dll
0x000000005ae70000 - 0x000000005ae99000 	C:\Program Files\Java\jre1.8.0_102\bin\java.dll
0x000000005ae50000 - 0x000000005ae66000 	C:\Program Files\Java\jre1.8.0_102\bin\zip.dll

VM Arguments:
jvm_args: -Dfile.encoding=Cp1255 
java_command: test.Test
java_class_path (initial): D:\Java projects\JavaSummerProject\JavaSummerProject\MyAlgorithms\bin
Launcher Type: SUN_STANDARD

Environment Variables:
PATH=C:/Program Files/Java/jre1.8.0_102/bin/server;C:/Program Files/Java/jre1.8.0_102/bin;C:/Program Files/Java/jre1.8.0_102/lib/amd64;C:\ProgramData\Oracle\Java\javapath;C:\WINDOWS\system32;C:\WINDOWS;C:\WINDOWS\System32\Wbem;C:\WINDOWS\System32\WindowsPowerShell\v1.0\;C:\WINDOWS\system32\config\systemprofile\.dnx\bin;C:\Program Files\Microsoft DNX\Dnvm\;C:\Program Files\Microsoft SQL Server\120\Tools\Binn\;C:\Program Files (x86)\Windows Kits\10\Windows Performance Toolkit\;C:\Users\Tomer\AppData\Local\Microsoft\WindowsApps;;D:\eclipse;
USERNAME=Tomer
OS=Windows_NT
PROCESSOR_IDENTIFIER=Intel64 Family 6 Model 78 Stepping 3, GenuineIntel



---------------  S Y S T E M  ---------------

OS: Windows 10.0 , 64 bit Build 14393 (10.0.14393.0)

CPU:total 4 (2 cores per cpu, 2 threads per core) family 6 model 78 stepping 3, cmov, cx8, fxsr, mmx, sse, sse2, sse3, ssse3, sse4.1, sse4.2, popcnt, avx, avx2, aes, clmul, erms, 3dnowpref, lzcnt, ht, tsc, tscinvbit, bmi1, bmi2, adx

Memory: 4k page, physical 8245248k(3845764k free), swap 33411072k(5624k free)

vm_info: Java HotSpot(TM) 64-Bit Server VM (25.102-b14) for windows-amd64 JRE (1.8.0_102-b14), built on Jun 22 2016 13:15:21 by "java_re" with MS VC++ 10.0 (VS2010)

time: Wed Aug 31 22:19:57 2016
elapsed time: 0 seconds (0d 0h 0m 0s)

